<?xml version="1.0" encoding="UTF-8"?>
<!-- Generated by org.testng.reporters.JUnitXMLReporter -->
<testsuite hostname="LAPTOP-NUE1PJR8" ignored="2" name="Test" tests="2" failures="1" timestamp="17 Aug 2022 10:49:34 GMT" time="0.032" errors="0">
  <testcase name="dash" time="0.009" classname="dependancies.DependancyAdv"/>
  <testcase name="login" time="0.002" classname="dependancies.DependancyAdv">
    <failure type="java.lang.AssertionError" message="expected [true] but found [false]">
      <![CDATA[java.lang.AssertionError: expected [true] but found [false]at dependancies.DependancyAdv.login(DependancyAdv.java:37)... Removed 29 stack frames]]>
    </failure>
  </testcase> <!-- login -->
  <testcase name="users1" time="0.0" classname="dependancies.DependancyAdv">
    <ignored/>
  </testcase> <!-- users1 -->
  <testcase name="users2" time="0.0" classname="dependancies.DependancyAdv">
    <ignored/>
  </testcase> <!-- users2 -->
</testsuite> <!-- Test -->
